La génération a démarré 10/01/2021 18:51:47.
     1>Projet "C:\Users\cotip\OneDrive\Desktop\Dossier Phuc & Thomas\projet C++- l'origine\Mastermind - LE - Marie - Finale\Mastermind - LE - Marie\Mastermind - LE - Marie.vcxproj" sur le nœud 2 (build cible(s)).
     1>InitializeBuildStatus:
         Création de "Debug\Mastermind - LE - Marie.unsuccessfulbuild", car "AlwaysCreate" a été spécifié.
       GenerateTargetFrameworkMonikerAttribute:
       La cible est ignorée "GenerateTargetFrameworkMonikerAttribute", car tous les fichiers de sortie sont à jour par rapport aux fichiers d'entrée.
       ClCompile:
         D:\Visual C++ 2010 VC Express\VC\bin\CL.exe /c /AI"C:\Program Files (x86)\Reference Assemblies\Microsoft\Framework\.NETFramework\v4.0" /Zi /clr:pure /nologo /W3 /WX- /Od /Oy- /D WIN32 /D _DEBUG /D _UNICODE /D UNICODE /EHa /MDd /GS /fp:precise /Zc:wchar_t /Zc:forScope /Yc"StdAfx.h" /Fp"Debug\Mastermind - LE - Marie.pch" /Fo"Debug\\" /Fd"Debug\vc100.pdb" /TP /FU"C:\Program Files (x86)\Reference Assemblies\Microsoft\Framework\.NETFramework\v4.0\System.Core.dll" /FU"C:\Program Files (x86)\Reference Assemblies\Microsoft\Framework\.NETFramework\v4.0\System.Data.dll" /FU"C:\Program Files (x86)\Reference Assemblies\Microsoft\Framework\.NETFramework\v4.0\System.dll" /FU"C:\Program Files (x86)\Reference Assemblies\Microsoft\Framework\.NETFramework\v4.0\System.Drawing.dll" /FU"C:\Program Files (x86)\Reference Assemblies\Microsoft\Framework\.NETFramework\v4.0\System.Windows.Forms.dll" /FU"C:\Program Files (x86)\Reference Assemblies\Microsoft\Framework\.NETFramework\v4.0\System.Xml.dll" /analyze- /errorReport:prompt stdafx.cpp /clr:nostdlib 
         stdafx.cpp
         D:\Visual C++ 2010 VC Express\VC\bin\CL.exe /c /AI"C:\Program Files (x86)\Reference Assemblies\Microsoft\Framework\.NETFramework\v4.0" /Zi /clr:pure /nologo /W3 /WX- /Od /Oy- /D WIN32 /D _DEBUG /D _UNICODE /D UNICODE /EHa /MDd /GS /fp:precise /Zc:wchar_t /Zc:forScope /Yu"StdAfx.h" /Fp"Debug\Mastermind - LE - Marie.pch" /Fo"Debug\\" /Fd"Debug\vc100.pdb" /TP /FU"C:\Program Files (x86)\Reference Assemblies\Microsoft\Framework\.NETFramework\v4.0\System.Core.dll" /FU"C:\Program Files (x86)\Reference Assemblies\Microsoft\Framework\.NETFramework\v4.0\System.Data.dll" /FU"C:\Program Files (x86)\Reference Assemblies\Microsoft\Framework\.NETFramework\v4.0\System.dll" /FU"C:\Program Files (x86)\Reference Assemblies\Microsoft\Framework\.NETFramework\v4.0\System.Drawing.dll" /FU"C:\Program Files (x86)\Reference Assemblies\Microsoft\Framework\.NETFramework\v4.0\System.Windows.Forms.dll" /FU"C:\Program Files (x86)\Reference Assemblies\Microsoft\Framework\.NETFramework\v4.0\System.Xml.dll" /analyze- /errorReport:prompt AssemblyInfo.cpp Gameover.cpp GameWin.cpp Informations.cpp "Larègle.cpp" "Mastermind - LE - Marie.cpp" Nouvellepartie.cpp "Paramètre.cpp" /clr:nostdlib 
         AssemblyInfo.cpp
         Gameover.cpp
         GameWin.cpp
         Informations.cpp
         Larègle.cpp
         Mastermind - LE - Marie.cpp
         Nouvellepartie.cpp
         Paramètre.cpp
         Génération de code en cours...
         Toutes les sorties sont à jour.
       CoreResGen:
         Aucune ressource n'apparaît obsolète par rapport aux fichiers sources. La génération des ressources sera ignorée.
       ResourceCompile:
         C:\Program Files (x86)\Microsoft SDKs\Windows\v7.0A\bin\rc.exe /D _UNICODE /D UNICODE /l"0x0409" /nologo /fo"Debug\app.res" app.rc 
       Link:
         D:\Visual C++ 2010 VC Express\VC\bin\link.exe /ERRORREPORT:PROMPT /OUT:"C:\Users\cotip\OneDrive\Desktop\Dossier Phuc & Thomas\projet C++- l'origine\Mastermind - LE - Marie - Finale\Debug\Mastermind - LE - Marie.exe" /INCREMENTAL /NOLOGO /ASSEMBLYRESOURCE:Debug\MastermindLEMarie.Form1.resources /ASSEMBLYRESOURCE:Debug\MastermindLEMarie.Gameover.resources /ASSEMBLYRESOURCE:Debug\MastermindLEMarie.GameWin.resources /ASSEMBLYRESOURCE:Debug\MastermindLEMarie.Informations.resources /ASSEMBLYRESOURCE:"Debug\MastermindLEMarie.Larègle.resources" /ASSEMBLYRESOURCE:Debug\MastermindLEMarie.Nouvellepartie.resources /ASSEMBLYRESOURCE:"Debug\MastermindLEMarie.Paramètre.resources" /MANIFEST /ManifestFile:"Debug\Mastermind - LE - Marie.exe.intermediate.manifest" /MANIFESTUAC:"level='asInvoker' uiAccess='false'" /DEBUG /PDB:"C:\Users\cotip\OneDrive\Desktop\Dossier Phuc & Thomas\projet C++- l'origine\Mastermind - LE - Marie - Finale\Debug\Mastermind - LE - Marie.pdb" /ASSEMBLYDEBUG /SUBSYSTEM:WINDOWS /TLBID:1 /ENTRY:"main" /DYNAMICBASE /FIXED:NO /NXCOMPAT /MACHINE:X86 Debug\app.res
         Debug\AssemblyInfo.obj
         Debug\Gameover.obj
         Debug\GameWin.obj
         Debug\Informations.obj
         "Debug\Larègle.obj"
         "Debug\Mastermind - LE - Marie.obj"
         Debug\Nouvellepartie.obj
         "Debug\Paramètre.obj"
         Debug\stdafx.obj
         "Debug\.NETFramework,Version=v4.0.AssemblyAttributes.obj"
         Mastermind - LE - Marie.vcxproj -> C:\Users\cotip\OneDrive\Desktop\Dossier Phuc & Thomas\projet C++- l'origine\Mastermind - LE - Marie - Finale\Debug\Mastermind - LE - Marie.exe
       Manifest:
         C:\Program Files (x86)\Microsoft SDKs\Windows\v7.0A\bin\mt.exe /nologo /verbose /outputresource:"C:\Users\cotip\OneDrive\Desktop\Dossier Phuc & Thomas\projet C++- l'origine\Mastermind - LE - Marie - Finale\Debug\Mastermind - LE - Marie.exe;#1" /manifest "Debug\Mastermind - LE - Marie.exe.intermediate.manifest"
       FinalizeBuildStatus:
         Suppression du fichier "Debug\Mastermind - LE - Marie.unsuccessfulbuild".
         Mise à jour de l'horodatage "Debug\Mastermind - LE - Marie.lastbuildstate".
     1>Génération du projet "C:\Users\cotip\OneDrive\Desktop\Dossier Phuc & Thomas\projet C++- l'origine\Mastermind - LE - Marie - Finale\Mastermind - LE - Marie\Mastermind - LE - Marie.vcxproj" terminée (build cible(s)).

La génération a réussi.

Temps écoulé 00:00:08.60
